{"/home/yossefaz/projects/ness/gis_os/gis_front/src/components/tool/InternalTool/Draw/index.js": {"path":"/home/yossefaz/projects/ness/gis_os/gis_front/src/components/tool/InternalTool/Draw/index.js","statementMap":{"0":{"start":{"line":45,"column":16},"end":{"line":45,"column":22}},"1":{"start":{"line":46,"column":17},"end":{"line":50,"column":3}},"2":{"start":{"line":51,"column":15},"end":{"line":55,"column":3}},"3":{"start":{"line":56,"column":10},"end":{"line":79,"column":3}},"4":{"start":{"line":82,"column":4},"end":{"line":87,"column":5}},"5":{"start":{"line":86,"column":6},"end":{"line":86,"column":61}},"6":{"start":{"line":88,"column":4},"end":{"line":88,"column":17}},"7":{"start":{"line":92,"column":4},"end":{"line":92,"column":35}},"8":{"start":{"line":96,"column":4},"end":{"line":98,"column":14}},"9":{"start":{"line":102,"column":4},"end":{"line":107,"column":5}},"10":{"start":{"line":106,"column":6},"end":{"line":106,"column":65}},"11":{"start":{"line":108,"column":4},"end":{"line":108,"column":17}},"12":{"start":{"line":112,"column":4},"end":{"line":112,"column":59}},"13":{"start":{"line":116,"column":4},"end":{"line":116,"column":61}},"14":{"start":{"line":120,"column":4},"end":{"line":120,"column":61}},"15":{"start":{"line":122,"column":23},"end":{"line":127,"column":3}},"16":{"start":{"line":123,"column":4},"end":{"line":125,"column":5}},"17":{"start":{"line":124,"column":6},"end":{"line":124,"column":52}},"18":{"start":{"line":126,"column":4},"end":{"line":126,"column":17}},"19":{"start":{"line":130,"column":4},"end":{"line":130,"column":68}},"20":{"start":{"line":134,"column":4},"end":{"line":134,"column":68}},"21":{"start":{"line":137,"column":15},"end":{"line":144,"column":3}},"22":{"start":{"line":138,"column":4},"end":{"line":140,"column":5}},"23":{"start":{"line":139,"column":6},"end":{"line":139,"column":50}},"24":{"start":{"line":141,"column":4},"end":{"line":143,"column":7}},"25":{"start":{"line":146,"column":19},"end":{"line":157,"column":3}},"26":{"start":{"line":147,"column":24},"end":{"line":147,"column":39}},"27":{"start":{"line":148,"column":18},"end":{"line":148,"column":32}},"28":{"start":{"line":149,"column":4},"end":{"line":149,"column":28}},"29":{"start":{"line":150,"column":4},"end":{"line":156,"column":7}},"30":{"start":{"line":159,"column":22},"end":{"line":163,"column":3}},"31":{"start":{"line":160,"column":4},"end":{"line":160,"column":40}},"32":{"start":{"line":161,"column":4},"end":{"line":161,"column":47}},"33":{"start":{"line":162,"column":4},"end":{"line":162,"column":21}},"34":{"start":{"line":165,"column":22},"end":{"line":189,"column":3}},"35":{"start":{"line":166,"column":4},"end":{"line":166,"column":31}},"36":{"start":{"line":167,"column":4},"end":{"line":167,"column":28}},"37":{"start":{"line":168,"column":20},"end":{"line":170,"column":12}},"38":{"start":{"line":171,"column":4},"end":{"line":179,"column":7}},"39":{"start":{"line":180,"column":4},"end":{"line":186,"column":7}},"40":{"start":{"line":187,"column":4},"end":{"line":187,"column":79}},"41":{"start":{"line":188,"column":4},"end":{"line":188,"column":23}},"42":{"start":{"line":191,"column":27},"end":{"line":210,"column":3}},"43":{"start":{"line":192,"column":4},"end":{"line":209,"column":5}},"44":{"start":{"line":193,"column":28},"end":{"line":193,"column":51}},"45":{"start":{"line":194,"column":18},"end":{"line":194,"column":22}},"46":{"start":{"line":195,"column":6},"end":{"line":204,"column":11}},"47":{"start":{"line":199,"column":10},"end":{"line":203,"column":11}},"48":{"start":{"line":202,"column":12},"end":{"line":202,"column":26}},"49":{"start":{"line":205,"column":6},"end":{"line":208,"column":7}},"50":{"start":{"line":206,"column":8},"end":{"line":206,"column":73}},"51":{"start":{"line":207,"column":8},"end":{"line":207,"column":35}},"52":{"start":{"line":212,"column":19},"end":{"line":220,"column":3}},"53":{"start":{"line":213,"column":4},"end":{"line":213,"column":28}},"54":{"start":{"line":214,"column":4},"end":{"line":218,"column":7}},"55":{"start":{"line":219,"column":4},"end":{"line":219,"column":28}},"56":{"start":{"line":221,"column":21},"end":{"line":229,"column":3}},"57":{"start":{"line":222,"column":4},"end":{"line":228,"column":5}},"58":{"start":{"line":223,"column":6},"end":{"line":227,"column":9}},"59":{"start":{"line":231,"column":24},"end":{"line":247,"column":3}},"60":{"start":{"line":232,"column":4},"end":{"line":246,"column":5}},"61":{"start":{"line":233,"column":33},"end":{"line":233,"column":50}},"62":{"start":{"line":234,"column":6},"end":{"line":245,"column":9}},"63":{"start":{"line":249,"column":28},"end":{"line":263,"column":3}},"64":{"start":{"line":250,"column":21},"end":{"line":252,"column":5}},"65":{"start":{"line":253,"column":4},"end":{"line":262,"column":7}},"66":{"start":{"line":254,"column":22},"end":{"line":254,"column":63}},"67":{"start":{"line":255,"column":6},"end":{"line":255,"column":35}},"68":{"start":{"line":256,"column":6},"end":{"line":256,"column":42}},"69":{"start":{"line":257,"column":6},"end":{"line":261,"column":7}},"70":{"start":{"line":258,"column":8},"end":{"line":260,"column":11}},"71":{"start":{"line":265,"column":18},"end":{"line":273,"column":3}},"72":{"start":{"line":266,"column":4},"end":{"line":271,"column":5}},"73":{"start":{"line":267,"column":6},"end":{"line":270,"column":9}},"74":{"start":{"line":272,"column":4},"end":{"line":272,"column":68}},"75":{"start":{"line":275,"column":14},"end":{"line":290,"column":3}},"76":{"start":{"line":276,"column":17},"end":{"line":276,"column":42}},"77":{"start":{"line":277,"column":4},"end":{"line":289,"column":5}},"78":{"start":{"line":278,"column":6},"end":{"line":288,"column":9}},"79":{"start":{"line":280,"column":10},"end":{"line":280,"column":62}},"80":{"start":{"line":281,"column":8},"end":{"line":281,"column":38}},"81":{"start":{"line":282,"column":31},"end":{"line":282,"column":54}},"82":{"start":{"line":283,"column":8},"end":{"line":283,"column":74}},"83":{"start":{"line":284,"column":8},"end":{"line":287,"column":11}},"84":{"start":{"line":292,"column":16},"end":{"line":299,"column":3}},"85":{"start":{"line":293,"column":19},"end":{"line":293,"column":46}},"86":{"start":{"line":294,"column":4},"end":{"line":298,"column":5}},"87":{"start":{"line":295,"column":6},"end":{"line":297,"column":9}},"88":{"start":{"line":296,"column":8},"end":{"line":296,"column":55}},"89":{"start":{"line":301,"column":17},"end":{"line":305,"column":3}},"90":{"start":{"line":302,"column":4},"end":{"line":304,"column":5}},"91":{"start":{"line":303,"column":6},"end":{"line":303,"column":47}},"92":{"start":{"line":308,"column":4},"end":{"line":308,"column":67}},"93":{"start":{"line":309,"column":4},"end":{"line":309,"column":56}},"94":{"start":{"line":310,"column":4},"end":{"line":310,"column":56}},"95":{"start":{"line":311,"column":4},"end":{"line":317,"column":9}},"96":{"start":{"line":314,"column":8},"end":{"line":316,"column":9}},"97":{"start":{"line":315,"column":10},"end":{"line":315,"column":37}},"98":{"start":{"line":318,"column":4},"end":{"line":318,"column":38}},"99":{"start":{"line":319,"column":4},"end":{"line":319,"column":35}},"100":{"start":{"line":322,"column":4},"end":{"line":324,"column":6}},"101":{"start":{"line":323,"column":6},"end":{"line":323,"column":41}},"102":{"start":{"line":327,"column":4},"end":{"line":329,"column":6}},"103":{"start":{"line":328,"column":6},"end":{"line":328,"column":41}},"104":{"start":{"line":330,"column":4},"end":{"line":330,"column":67}},"105":{"start":{"line":331,"column":4},"end":{"line":331,"column":56}},"106":{"start":{"line":332,"column":4},"end":{"line":332,"column":56}},"107":{"start":{"line":333,"column":4},"end":{"line":333,"column":19}},"108":{"start":{"line":335,"column":12},"end":{"line":338,"column":3}},"109":{"start":{"line":336,"column":4},"end":{"line":336,"column":24}},"110":{"start":{"line":337,"column":4},"end":{"line":337,"column":33}},"111":{"start":{"line":340,"column":26},"end":{"line":351,"column":3}},"112":{"start":{"line":341,"column":4},"end":{"line":350,"column":5}},"113":{"start":{"line":342,"column":31},"end":{"line":342,"column":33}},"114":{"start":{"line":343,"column":6},"end":{"line":346,"column":9}},"115":{"start":{"line":344,"column":31},"end":{"line":344,"column":68}},"116":{"start":{"line":345,"column":8},"end":{"line":345,"column":76}},"117":{"start":{"line":347,"column":6},"end":{"line":349,"column":7}},"118":{"start":{"line":348,"column":8},"end":{"line":348,"column":61}},"119":{"start":{"line":353,"column":18},"end":{"line":381,"column":3}},"120":{"start":{"line":354,"column":21},"end":{"line":354,"column":53}},"121":{"start":{"line":355,"column":4},"end":{"line":366,"column":7}},"122":{"start":{"line":367,"column":4},"end":{"line":373,"column":5}},"123":{"start":{"line":368,"column":30},"end":{"line":368,"column":68}},"124":{"start":{"line":369,"column":21},"end":{"line":369,"column":64}},"125":{"start":{"line":370,"column":22},"end":{"line":370,"column":40}},"126":{"start":{"line":371,"column":6},"end":{"line":371,"column":65}},"127":{"start":{"line":372,"column":6},"end":{"line":372,"column":41}},"128":{"start":{"line":374,"column":4},"end":{"line":380,"column":7}},"129":{"start":{"line":383,"column":21},"end":{"line":404,"column":3}},"130":{"start":{"line":384,"column":4},"end":{"line":403,"column":5}},"131":{"start":{"line":385,"column":22},"end":{"line":385,"column":55}},"132":{"start":{"line":386,"column":25},"end":{"line":386,"column":71}},"133":{"start":{"line":387,"column":6},"end":{"line":392,"column":9}},"134":{"start":{"line":393,"column":6},"end":{"line":393,"column":34}},"135":{"start":{"line":394,"column":6},"end":{"line":400,"column":9}},"136":{"start":{"line":402,"column":6},"end":{"line":402,"column":37}},"137":{"start":{"line":407,"column":23},"end":{"line":407,"column":52}},"138":{"start":{"line":408,"column":4},"end":{"line":408,"column":44}},"139":{"start":{"line":409,"column":4},"end":{"line":409,"column":59}},"140":{"start":{"line":410,"column":4},"end":{"line":410,"column":37}},"141":{"start":{"line":411,"column":4},"end":{"line":411,"column":22}},"142":{"start":{"line":414,"column":16},"end":{"line":424,"column":3}},"143":{"start":{"line":415,"column":4},"end":{"line":423,"column":5}},"144":{"start":{"line":416,"column":6},"end":{"line":422,"column":9}},"145":{"start":{"line":417,"column":24},"end":{"line":417,"column":38}},"146":{"start":{"line":418,"column":8},"end":{"line":421,"column":9}},"147":{"start":{"line":419,"column":10},"end":{"line":419,"column":40}},"148":{"start":{"line":420,"column":10},"end":{"line":420,"column":46}},"149":{"start":{"line":426,"column":18},"end":{"line":435,"column":3}},"150":{"start":{"line":427,"column":4},"end":{"line":434,"column":5}},"151":{"start":{"line":428,"column":6},"end":{"line":433,"column":9}},"152":{"start":{"line":429,"column":8},"end":{"line":432,"column":9}},"153":{"start":{"line":430,"column":10},"end":{"line":430,"column":39}},"154":{"start":{"line":431,"column":10},"end":{"line":431,"column":48}},"155":{"start":{"line":437,"column":13},"end":{"line":445,"column":3}},"156":{"start":{"line":438,"column":4},"end":{"line":444,"column":7}},"157":{"start":{"line":447,"column":19},"end":{"line":455,"column":3}},"158":{"start":{"line":448,"column":4},"end":{"line":454,"column":7}},"159":{"start":{"line":457,"column":26},"end":{"line":467,"column":3}},"160":{"start":{"line":458,"column":20},"end":{"line":458,"column":49}},"161":{"start":{"line":459,"column":23},"end":{"line":459,"column":64}},"162":{"start":{"line":460,"column":23},"end":{"line":460,"column":39}},"163":{"start":{"line":461,"column":4},"end":{"line":461,"column":40}},"164":{"start":{"line":462,"column":4},"end":{"line":462,"column":47}},"165":{"start":{"line":463,"column":4},"end":{"line":466,"column":7}},"166":{"start":{"line":464,"column":6},"end":{"line":464,"column":69}},"167":{"start":{"line":465,"column":6},"end":{"line":465,"column":37}},"168":{"start":{"line":469,"column":18},"end":{"line":469,"column":67}},"169":{"start":{"line":469,"column":29},"end":{"line":469,"column":67}},"170":{"start":{"line":471,"column":14},"end":{"line":473,"column":3}},"171":{"start":{"line":472,"column":4},"end":{"line":472,"column":19}},"172":{"start":{"line":475,"column":22},"end":{"line":481,"column":3}},"173":{"start":{"line":476,"column":4},"end":{"line":480,"column":5}},"174":{"start":{"line":477,"column":6},"end":{"line":479,"column":9}},"175":{"start":{"line":483,"column":21},"end":{"line":492,"column":3}},"176":{"start":{"line":484,"column":4},"end":{"line":490,"column":5}},"177":{"start":{"line":485,"column":28},"end":{"line":485,"column":52}},"178":{"start":{"line":486,"column":31},"end":{"line":488,"column":7}},"179":{"start":{"line":487,"column":15},"end":{"line":487,"column":42}},"180":{"start":{"line":489,"column":6},"end":{"line":489,"column":53}},"181":{"start":{"line":491,"column":4},"end":{"line":491,"column":64}},"182":{"start":{"line":494,"column":21},"end":{"line":498,"column":3}},"183":{"start":{"line":495,"column":4},"end":{"line":497,"column":7}},"184":{"start":{"line":501,"column":21},"end":{"line":501,"column":44}},"185":{"start":{"line":502,"column":20},"end":{"line":502,"column":40}},"186":{"start":{"line":503,"column":21},"end":{"line":503,"column":37}},"187":{"start":{"line":504,"column":4},"end":{"line":630,"column":6}},"188":{"start":{"line":517,"column":29},"end":{"line":517,"column":62}},"189":{"start":{"line":523,"column":29},"end":{"line":523,"column":65}},"190":{"start":{"line":530,"column":29},"end":{"line":530,"column":61}},"191":{"start":{"line":538,"column":16},"end":{"line":544,"column":18}},"192":{"start":{"line":579,"column":33},"end":{"line":579,"column":62}},"193":{"start":{"line":588,"column":33},"end":{"line":588,"column":50}},"194":{"start":{"line":625,"column":12},"end":{"line":625,"column":67}},"195":{"start":{"line":634,"column":24},"end":{"line":641,"column":1}},"196":{"start":{"line":635,"column":2},"end":{"line":640,"column":4}},"197":{"start":{"line":643,"column":27},"end":{"line":652,"column":1}}},"fnMap":{"0":{"name":"(anonymous_0)","decl":{"start":{"line":81,"column":2},"end":{"line":81,"column":3}},"loc":{"start":{"line":81,"column":20},"end":{"line":89,"column":3}},"line":81},"1":{"name":"(anonymous_1)","decl":{"start":{"line":91,"column":2},"end":{"line":91,"column":3}},"loc":{"start":{"line":91,"column":12},"end":{"line":93,"column":3}},"line":91},"2":{"name":"(anonymous_2)","decl":{"start":{"line":95,"column":2},"end":{"line":95,"column":3}},"loc":{"start":{"line":95,"column":20},"end":{"line":99,"column":3}},"line":95},"3":{"name":"(anonymous_3)","decl":{"start":{"line":101,"column":2},"end":{"line":101,"column":3}},"loc":{"start":{"line":101,"column":24},"end":{"line":109,"column":3}},"line":101},"4":{"name":"(anonymous_4)","decl":{"start":{"line":111,"column":2},"end":{"line":111,"column":3}},"loc":{"start":{"line":111,"column":13},"end":{"line":113,"column":3}},"line":111},"5":{"name":"(anonymous_5)","decl":{"start":{"line":115,"column":2},"end":{"line":115,"column":3}},"loc":{"start":{"line":115,"column":15},"end":{"line":117,"column":3}},"line":115},"6":{"name":"(anonymous_6)","decl":{"start":{"line":119,"column":2},"end":{"line":119,"column":3}},"loc":{"start":{"line":119,"column":15},"end":{"line":121,"column":3}},"line":119},"7":{"name":"(anonymous_7)","decl":{"start":{"line":122,"column":23},"end":{"line":122,"column":24}},"loc":{"start":{"line":122,"column":40},"end":{"line":127,"column":3}},"line":122},"8":{"name":"(anonymous_8)","decl":{"start":{"line":129,"column":2},"end":{"line":129,"column":3}},"loc":{"start":{"line":129,"column":18},"end":{"line":131,"column":3}},"line":129},"9":{"name":"(anonymous_9)","decl":{"start":{"line":133,"column":2},"end":{"line":133,"column":3}},"loc":{"start":{"line":133,"column":19},"end":{"line":135,"column":3}},"line":133},"10":{"name":"(anonymous_10)","decl":{"start":{"line":137,"column":15},"end":{"line":137,"column":16}},"loc":{"start":{"line":137,"column":21},"end":{"line":144,"column":3}},"line":137},"11":{"name":"(anonymous_11)","decl":{"start":{"line":146,"column":19},"end":{"line":146,"column":20}},"loc":{"start":{"line":146,"column":39},"end":{"line":157,"column":3}},"line":146},"12":{"name":"(anonymous_12)","decl":{"start":{"line":159,"column":22},"end":{"line":159,"column":23}},"loc":{"start":{"line":159,"column":42},"end":{"line":163,"column":3}},"line":159},"13":{"name":"(anonymous_13)","decl":{"start":{"line":165,"column":22},"end":{"line":165,"column":23}},"loc":{"start":{"line":165,"column":43},"end":{"line":189,"column":3}},"line":165},"14":{"name":"(anonymous_14)","decl":{"start":{"line":191,"column":27},"end":{"line":191,"column":28}},"loc":{"start":{"line":191,"column":34},"end":{"line":210,"column":3}},"line":191},"15":{"name":"(anonymous_15)","decl":{"start":{"line":198,"column":13},"end":{"line":198,"column":14}},"loc":{"start":{"line":198,"column":26},"end":{"line":204,"column":9}},"line":198},"16":{"name":"(anonymous_16)","decl":{"start":{"line":212,"column":19},"end":{"line":212,"column":20}},"loc":{"start":{"line":212,"column":25},"end":{"line":220,"column":3}},"line":212},"17":{"name":"(anonymous_17)","decl":{"start":{"line":221,"column":21},"end":{"line":221,"column":22}},"loc":{"start":{"line":221,"column":27},"end":{"line":229,"column":3}},"line":221},"18":{"name":"(anonymous_18)","decl":{"start":{"line":231,"column":24},"end":{"line":231,"column":25}},"loc":{"start":{"line":231,"column":36},"end":{"line":247,"column":3}},"line":231},"19":{"name":"(anonymous_19)","decl":{"start":{"line":249,"column":28},"end":{"line":249,"column":29}},"loc":{"start":{"line":249,"column":40},"end":{"line":263,"column":3}},"line":249},"20":{"name":"(anonymous_20)","decl":{"start":{"line":253,"column":22},"end":{"line":253,"column":23}},"loc":{"start":{"line":253,"column":42},"end":{"line":262,"column":5}},"line":253},"21":{"name":"(anonymous_21)","decl":{"start":{"line":265,"column":18},"end":{"line":265,"column":19}},"loc":{"start":{"line":265,"column":28},"end":{"line":273,"column":3}},"line":265},"22":{"name":"(anonymous_22)","decl":{"start":{"line":275,"column":14},"end":{"line":275,"column":15}},"loc":{"start":{"line":275,"column":20},"end":{"line":290,"column":3}},"line":275},"23":{"name":"(anonymous_23)","decl":{"start":{"line":278,"column":25},"end":{"line":278,"column":26}},"loc":{"start":{"line":278,"column":38},"end":{"line":288,"column":7}},"line":278},"24":{"name":"(anonymous_24)","decl":{"start":{"line":292,"column":16},"end":{"line":292,"column":17}},"loc":{"start":{"line":292,"column":22},"end":{"line":299,"column":3}},"line":292},"25":{"name":"(anonymous_25)","decl":{"start":{"line":295,"column":29},"end":{"line":295,"column":30}},"loc":{"start":{"line":295,"column":42},"end":{"line":297,"column":7}},"line":295},"26":{"name":"(anonymous_26)","decl":{"start":{"line":301,"column":17},"end":{"line":301,"column":18}},"loc":{"start":{"line":301,"column":23},"end":{"line":305,"column":3}},"line":301},"27":{"name":"(anonymous_27)","decl":{"start":{"line":307,"column":2},"end":{"line":307,"column":3}},"loc":{"start":{"line":307,"column":22},"end":{"line":320,"column":3}},"line":307},"28":{"name":"(anonymous_28)","decl":{"start":{"line":313,"column":15},"end":{"line":313,"column":16}},"loc":{"start":{"line":313,"column":32},"end":{"line":317,"column":7}},"line":313},"29":{"name":"(anonymous_29)","decl":{"start":{"line":321,"column":2},"end":{"line":321,"column":3}},"loc":{"start":{"line":321,"column":23},"end":{"line":325,"column":3}},"line":321},"30":{"name":"(anonymous_30)","decl":{"start":{"line":322,"column":41},"end":{"line":322,"column":42}},"loc":{"start":{"line":323,"column":6},"end":{"line":323,"column":41}},"line":323},"31":{"name":"(anonymous_31)","decl":{"start":{"line":326,"column":2},"end":{"line":326,"column":3}},"loc":{"start":{"line":326,"column":25},"end":{"line":334,"column":3}},"line":326},"32":{"name":"(anonymous_32)","decl":{"start":{"line":327,"column":44},"end":{"line":327,"column":45}},"loc":{"start":{"line":328,"column":6},"end":{"line":328,"column":41}},"line":328},"33":{"name":"(anonymous_33)","decl":{"start":{"line":335,"column":12},"end":{"line":335,"column":13}},"loc":{"start":{"line":335,"column":18},"end":{"line":338,"column":3}},"line":335},"34":{"name":"(anonymous_34)","decl":{"start":{"line":340,"column":26},"end":{"line":340,"column":27}},"loc":{"start":{"line":340,"column":38},"end":{"line":351,"column":3}},"line":340},"35":{"name":"(anonymous_35)","decl":{"start":{"line":343,"column":44},"end":{"line":343,"column":45}},"loc":{"start":{"line":343,"column":65},"end":{"line":346,"column":7}},"line":343},"36":{"name":"(anonymous_36)","decl":{"start":{"line":353,"column":18},"end":{"line":353,"column":19}},"loc":{"start":{"line":353,"column":34},"end":{"line":381,"column":3}},"line":353},"37":{"name":"(anonymous_37)","decl":{"start":{"line":383,"column":21},"end":{"line":383,"column":22}},"loc":{"start":{"line":383,"column":45},"end":{"line":404,"column":3}},"line":383},"38":{"name":"(anonymous_38)","decl":{"start":{"line":406,"column":2},"end":{"line":406,"column":3}},"loc":{"start":{"line":406,"column":42},"end":{"line":412,"column":3}},"line":406},"39":{"name":"(anonymous_39)","decl":{"start":{"line":414,"column":16},"end":{"line":414,"column":17}},"loc":{"start":{"line":414,"column":25},"end":{"line":424,"column":3}},"line":414},"40":{"name":"(anonymous_40)","decl":{"start":{"line":416,"column":49},"end":{"line":416,"column":50}},"loc":{"start":{"line":416,"column":57},"end":{"line":422,"column":7}},"line":416},"41":{"name":"(anonymous_41)","decl":{"start":{"line":426,"column":18},"end":{"line":426,"column":19}},"loc":{"start":{"line":426,"column":27},"end":{"line":435,"column":3}},"line":426},"42":{"name":"(anonymous_42)","decl":{"start":{"line":428,"column":49},"end":{"line":428,"column":50}},"loc":{"start":{"line":428,"column":57},"end":{"line":433,"column":7}},"line":428},"43":{"name":"(anonymous_43)","decl":{"start":{"line":437,"column":13},"end":{"line":437,"column":14}},"loc":{"start":{"line":437,"column":34},"end":{"line":445,"column":3}},"line":437},"44":{"name":"(anonymous_44)","decl":{"start":{"line":447,"column":19},"end":{"line":447,"column":20}},"loc":{"start":{"line":447,"column":25},"end":{"line":455,"column":3}},"line":447},"45":{"name":"(anonymous_45)","decl":{"start":{"line":457,"column":26},"end":{"line":457,"column":27}},"loc":{"start":{"line":457,"column":34},"end":{"line":467,"column":3}},"line":457},"46":{"name":"(anonymous_46)","decl":{"start":{"line":463,"column":45},"end":{"line":463,"column":46}},"loc":{"start":{"line":463,"column":60},"end":{"line":466,"column":5}},"line":463},"47":{"name":"(anonymous_47)","decl":{"start":{"line":469,"column":18},"end":{"line":469,"column":19}},"loc":{"start":{"line":469,"column":29},"end":{"line":469,"column":67}},"line":469},"48":{"name":"(anonymous_48)","decl":{"start":{"line":471,"column":14},"end":{"line":471,"column":15}},"loc":{"start":{"line":471,"column":20},"end":{"line":473,"column":3}},"line":471},"49":{"name":"(anonymous_49)","decl":{"start":{"line":475,"column":22},"end":{"line":475,"column":23}},"loc":{"start":{"line":475,"column":30},"end":{"line":481,"column":3}},"line":475},"50":{"name":"(anonymous_50)","decl":{"start":{"line":483,"column":21},"end":{"line":483,"column":22}},"loc":{"start":{"line":483,"column":27},"end":{"line":492,"column":3}},"line":483},"51":{"name":"(anonymous_51)","decl":{"start":{"line":487,"column":8},"end":{"line":487,"column":9}},"loc":{"start":{"line":487,"column":15},"end":{"line":487,"column":42}},"line":487},"52":{"name":"(anonymous_52)","decl":{"start":{"line":494,"column":21},"end":{"line":494,"column":22}},"loc":{"start":{"line":494,"column":31},"end":{"line":498,"column":3}},"line":494},"53":{"name":"(anonymous_53)","decl":{"start":{"line":500,"column":2},"end":{"line":500,"column":3}},"loc":{"start":{"line":500,"column":11},"end":{"line":631,"column":3}},"line":500},"54":{"name":"(anonymous_54)","decl":{"start":{"line":517,"column":23},"end":{"line":517,"column":24}},"loc":{"start":{"line":517,"column":29},"end":{"line":517,"column":62}},"line":517},"55":{"name":"(anonymous_55)","decl":{"start":{"line":523,"column":23},"end":{"line":523,"column":24}},"loc":{"start":{"line":523,"column":29},"end":{"line":523,"column":65}},"line":523},"56":{"name":"(anonymous_56)","decl":{"start":{"line":530,"column":23},"end":{"line":530,"column":24}},"loc":{"start":{"line":530,"column":29},"end":{"line":530,"column":61}},"line":530},"57":{"name":"(anonymous_57)","decl":{"start":{"line":537,"column":23},"end":{"line":537,"column":24}},"loc":{"start":{"line":538,"column":16},"end":{"line":544,"column":18}},"line":538},"58":{"name":"(anonymous_58)","decl":{"start":{"line":579,"column":27},"end":{"line":579,"column":28}},"loc":{"start":{"line":579,"column":33},"end":{"line":579,"column":62}},"line":579},"59":{"name":"(anonymous_59)","decl":{"start":{"line":588,"column":27},"end":{"line":588,"column":28}},"loc":{"start":{"line":588,"column":33},"end":{"line":588,"column":50}},"line":588},"60":{"name":"(anonymous_60)","decl":{"start":{"line":624,"column":20},"end":{"line":624,"column":21}},"loc":{"start":{"line":625,"column":12},"end":{"line":625,"column":67}},"line":625},"61":{"name":"(anonymous_61)","decl":{"start":{"line":634,"column":24},"end":{"line":634,"column":25}},"loc":{"start":{"line":634,"column":35},"end":{"line":641,"column":1}},"line":634}},"branchMap":{"0":{"loc":{"start":{"line":82,"column":4},"end":{"line":87,"column":5}},"type":"if","locations":[{"start":{"line":82,"column":4},"end":{"line":87,"column":5}},{"start":{"line":82,"column":4},"end":{"line":87,"column":5}}],"line":82},"1":{"loc":{"start":{"line":83,"column":6},"end":{"line":84,"column":55}},"type":"binary-expr","locations":[{"start":{"line":83,"column":6},"end":{"line":83,"column":45}},{"start":{"line":84,"column":6},"end":{"line":84,"column":55}}],"line":83},"2":{"loc":{"start":{"line":96,"column":11},"end":{"line":98,"column":13}},"type":"cond-expr","locations":[{"start":{"line":97,"column":8},"end":{"line":97,"column":40}},{"start":{"line":98,"column":8},"end":{"line":98,"column":13}}],"line":96},"3":{"loc":{"start":{"line":102,"column":4},"end":{"line":107,"column":5}},"type":"if","locations":[{"start":{"line":102,"column":4},"end":{"line":107,"column":5}},{"start":{"line":102,"column":4},"end":{"line":107,"column":5}}],"line":102},"4":{"loc":{"start":{"line":103,"column":6},"end":{"line":104,"column":59}},"type":"binary-expr","locations":[{"start":{"line":103,"column":6},"end":{"line":103,"column":49}},{"start":{"line":104,"column":6},"end":{"line":104,"column":59}}],"line":103},"5":{"loc":{"start":{"line":123,"column":4},"end":{"line":125,"column":5}},"type":"if","locations":[{"start":{"line":123,"column":4},"end":{"line":125,"column":5}},{"start":{"line":123,"column":4},"end":{"line":125,"column":5}}],"line":123},"6":{"loc":{"start":{"line":123,"column":8},"end":{"line":123,"column":67}},"type":"binary-expr","locations":[{"start":{"line":123,"column":8},"end":{"line":123,"column":28}},{"start":{"line":123,"column":32},"end":{"line":123,"column":67}}],"line":123},"7":{"loc":{"start":{"line":130,"column":11},"end":{"line":130,"column":67}},"type":"cond-expr","locations":[{"start":{"line":130,"column":23},"end":{"line":130,"column":60}},{"start":{"line":130,"column":63},"end":{"line":130,"column":67}}],"line":130},"8":{"loc":{"start":{"line":134,"column":11},"end":{"line":134,"column":67}},"type":"cond-expr","locations":[{"start":{"line":134,"column":23},"end":{"line":134,"column":60}},{"start":{"line":134,"column":63},"end":{"line":134,"column":67}}],"line":134},"9":{"loc":{"start":{"line":138,"column":4},"end":{"line":140,"column":5}},"type":"if","locations":[{"start":{"line":138,"column":4},"end":{"line":140,"column":5}},{"start":{"line":138,"column":4},"end":{"line":140,"column":5}}],"line":138},"10":{"loc":{"start":{"line":168,"column":20},"end":{"line":170,"column":12}},"type":"cond-expr","locations":[{"start":{"line":169,"column":8},"end":{"line":169,"column":49}},{"start":{"line":170,"column":8},"end":{"line":170,"column":12}}],"line":168},"11":{"loc":{"start":{"line":176,"column":12},"end":{"line":176,"column":62}},"type":"binary-expr","locations":[{"start":{"line":176,"column":12},"end":{"line":176,"column":19}},{"start":{"line":176,"column":23},"end":{"line":176,"column":62}}],"line":176},"12":{"loc":{"start":{"line":192,"column":4},"end":{"line":209,"column":5}},"type":"if","locations":[{"start":{"line":192,"column":4},"end":{"line":209,"column":5}},{"start":{"line":192,"column":4},"end":{"line":209,"column":5}}],"line":192},"13":{"loc":{"start":{"line":199,"column":10},"end":{"line":203,"column":11}},"type":"if","locations":[{"start":{"line":199,"column":10},"end":{"line":203,"column":11}},{"start":{"line":199,"column":10},"end":{"line":203,"column":11}}],"line":199},"14":{"loc":{"start":{"line":205,"column":6},"end":{"line":208,"column":7}},"type":"if","locations":[{"start":{"line":205,"column":6},"end":{"line":208,"column":7}},{"start":{"line":205,"column":6},"end":{"line":208,"column":7}}],"line":205},"15":{"loc":{"start":{"line":222,"column":4},"end":{"line":228,"column":5}},"type":"if","locations":[{"start":{"line":222,"column":4},"end":{"line":228,"column":5}},{"start":{"line":222,"column":4},"end":{"line":228,"column":5}}],"line":222},"16":{"loc":{"start":{"line":232,"column":4},"end":{"line":246,"column":5}},"type":"if","locations":[{"start":{"line":232,"column":4},"end":{"line":246,"column":5}},{"start":{"line":232,"column":4},"end":{"line":246,"column":5}}],"line":232},"17":{"loc":{"start":{"line":232,"column":8},"end":{"line":232,"column":34}},"type":"binary-expr","locations":[{"start":{"line":232,"column":8},"end":{"line":232,"column":19}},{"start":{"line":232,"column":23},"end":{"line":232,"column":34}}],"line":232},"18":{"loc":{"start":{"line":257,"column":6},"end":{"line":261,"column":7}},"type":"if","locations":[{"start":{"line":257,"column":6},"end":{"line":261,"column":7}},{"start":{"line":257,"column":6},"end":{"line":261,"column":7}}],"line":257},"19":{"loc":{"start":{"line":266,"column":4},"end":{"line":271,"column":5}},"type":"if","locations":[{"start":{"line":266,"column":4},"end":{"line":271,"column":5}},{"start":{"line":266,"column":4},"end":{"line":271,"column":5}}],"line":266},"20":{"loc":{"start":{"line":277,"column":4},"end":{"line":289,"column":5}},"type":"if","locations":[{"start":{"line":277,"column":4},"end":{"line":289,"column":5}},{"start":{"line":277,"column":4},"end":{"line":289,"column":5}}],"line":277},"21":{"loc":{"start":{"line":280,"column":10},"end":{"line":280,"column":62}},"type":"binary-expr","locations":[{"start":{"line":280,"column":11},"end":{"line":280,"column":45}},{"start":{"line":280,"column":50},"end":{"line":280,"column":62}}],"line":280},"22":{"loc":{"start":{"line":294,"column":4},"end":{"line":298,"column":5}},"type":"if","locations":[{"start":{"line":294,"column":4},"end":{"line":298,"column":5}},{"start":{"line":294,"column":4},"end":{"line":298,"column":5}}],"line":294},"23":{"loc":{"start":{"line":302,"column":4},"end":{"line":304,"column":5}},"type":"if","locations":[{"start":{"line":302,"column":4},"end":{"line":304,"column":5}},{"start":{"line":302,"column":4},"end":{"line":304,"column":5}}],"line":302},"24":{"loc":{"start":{"line":314,"column":8},"end":{"line":316,"column":9}},"type":"if","locations":[{"start":{"line":314,"column":8},"end":{"line":316,"column":9}},{"start":{"line":314,"column":8},"end":{"line":316,"column":9}}],"line":314},"25":{"loc":{"start":{"line":341,"column":4},"end":{"line":350,"column":5}},"type":"if","locations":[{"start":{"line":341,"column":4},"end":{"line":350,"column":5}},{"start":{"line":341,"column":4},"end":{"line":350,"column":5}}],"line":341},"26":{"loc":{"start":{"line":347,"column":6},"end":{"line":349,"column":7}},"type":"if","locations":[{"start":{"line":347,"column":6},"end":{"line":349,"column":7}},{"start":{"line":347,"column":6},"end":{"line":349,"column":7}}],"line":347},"27":{"loc":{"start":{"line":367,"column":4},"end":{"line":373,"column":5}},"type":"if","locations":[{"start":{"line":367,"column":4},"end":{"line":373,"column":5}},{"start":{"line":367,"column":4},"end":{"line":373,"column":5}}],"line":367},"28":{"loc":{"start":{"line":384,"column":4},"end":{"line":403,"column":5}},"type":"if","locations":[{"start":{"line":384,"column":4},"end":{"line":403,"column":5}},{"start":{"line":384,"column":4},"end":{"line":403,"column":5}}],"line":384},"29":{"loc":{"start":{"line":415,"column":4},"end":{"line":423,"column":5}},"type":"if","locations":[{"start":{"line":415,"column":4},"end":{"line":423,"column":5}},{"start":{"line":415,"column":4},"end":{"line":423,"column":5}}],"line":415},"30":{"loc":{"start":{"line":418,"column":8},"end":{"line":421,"column":9}},"type":"if","locations":[{"start":{"line":418,"column":8},"end":{"line":421,"column":9}},{"start":{"line":418,"column":8},"end":{"line":421,"column":9}}],"line":418},"31":{"loc":{"start":{"line":427,"column":4},"end":{"line":434,"column":5}},"type":"if","locations":[{"start":{"line":427,"column":4},"end":{"line":434,"column":5}},{"start":{"line":427,"column":4},"end":{"line":434,"column":5}}],"line":427},"32":{"loc":{"start":{"line":429,"column":8},"end":{"line":432,"column":9}},"type":"if","locations":[{"start":{"line":429,"column":8},"end":{"line":432,"column":9}},{"start":{"line":429,"column":8},"end":{"line":432,"column":9}}],"line":429},"33":{"loc":{"start":{"line":476,"column":4},"end":{"line":480,"column":5}},"type":"if","locations":[{"start":{"line":476,"column":4},"end":{"line":480,"column":5}},{"start":{"line":476,"column":4},"end":{"line":480,"column":5}}],"line":476},"34":{"loc":{"start":{"line":476,"column":8},"end":{"line":476,"column":58}},"type":"binary-expr","locations":[{"start":{"line":476,"column":8},"end":{"line":476,"column":24}},{"start":{"line":476,"column":28},"end":{"line":476,"column":58}}],"line":476},"35":{"loc":{"start":{"line":484,"column":4},"end":{"line":490,"column":5}},"type":"if","locations":[{"start":{"line":484,"column":4},"end":{"line":490,"column":5}},{"start":{"line":484,"column":4},"end":{"line":490,"column":5}}],"line":484},"36":{"loc":{"start":{"line":491,"column":11},"end":{"line":491,"column":63}},"type":"cond-expr","locations":[{"start":{"line":491,"column":29},"end":{"line":491,"column":58}},{"start":{"line":491,"column":61},"end":{"line":491,"column":63}}],"line":491},"37":{"loc":{"start":{"line":550,"column":11},"end":{"line":560,"column":11}},"type":"binary-expr","locations":[{"start":{"line":550,"column":11},"end":{"line":550,"column":43}},{"start":{"line":551,"column":12},"end":{"line":559,"column":23}}],"line":550},"38":{"loc":{"start":{"line":561,"column":11},"end":{"line":569,"column":11}},"type":"binary-expr","locations":[{"start":{"line":561,"column":11},"end":{"line":561,"column":47}},{"start":{"line":562,"column":12},"end":{"line":568,"column":23}}],"line":561},"39":{"loc":{"start":{"line":571,"column":11},"end":{"line":605,"column":11}},"type":"binary-expr","locations":[{"start":{"line":571,"column":11},"end":{"line":571,"column":19}},{"start":{"line":572,"column":12},"end":{"line":604,"column":29}}],"line":571},"40":{"loc":{"start":{"line":577,"column":20},"end":{"line":577,"column":54}},"type":"cond-expr","locations":[{"start":{"line":577,"column":31},"end":{"line":577,"column":41}},{"start":{"line":577,"column":44},"end":{"line":577,"column":54}}],"line":577},"41":{"loc":{"start":{"line":586,"column":20},"end":{"line":586,"column":54}},"type":"cond-expr","locations":[{"start":{"line":586,"column":31},"end":{"line":586,"column":41}},{"start":{"line":586,"column":44},"end":{"line":586,"column":54}}],"line":586},"42":{"loc":{"start":{"line":590,"column":24},"end":{"line":590,"column":61}},"type":"cond-expr","locations":[{"start":{"line":590,"column":42},"end":{"line":590,"column":47}},{"start":{"line":590,"column":50},"end":{"line":590,"column":61}}],"line":590},"43":{"loc":{"start":{"line":606,"column":11},"end":{"line":616,"column":11}},"type":"binary-expr","locations":[{"start":{"line":606,"column":11},"end":{"line":606,"column":19}},{"start":{"line":607,"column":12},"end":{"line":615,"column":29}}],"line":606}},"s":{"0":0,"1":0,"2":0,"3":0,"4":0,"5":0,"6":0,"7":0,"8":0,"9":0,"10":0,"11":0,"12":0,"13":0,"14":0,"15":0,"16":0,"17":0,"18":0,"19":0,"20":0,"21":0,"22":0,"23":0,"24":0,"25":0,"26":0,"27":0,"28":0,"29":0,"30":0,"31":0,"32":0,"33":0,"34":0,"35":0,"36":0,"37":0,"38":0,"39":0,"40":0,"41":0,"42":0,"43":0,"44":0,"45":0,"46":0,"47":0,"48":0,"49":0,"50":0,"51":0,"52":0,"53":0,"54":0,"55":0,"56":0,"57":0,"58":0,"59":0,"60":0,"61":0,"62":0,"63":0,"64":0,"65":0,"66":0,"67":0,"68":0,"69":0,"70":0,"71":0,"72":0,"73":0,"74":0,"75":0,"76":0,"77":0,"78":0,"79":0,"80":0,"81":0,"82":0,"83":0,"84":0,"85":0,"86":0,"87":0,"88":0,"89":0,"90":0,"91":0,"92":0,"93":0,"94":0,"95":0,"96":0,"97":0,"98":0,"99":0,"100":0,"101":0,"102":0,"103":0,"104":0,"105":0,"106":0,"107":0,"108":0,"109":0,"110":0,"111":0,"112":0,"113":0,"114":0,"115":0,"116":0,"117":0,"118":0,"119":0,"120":0,"121":0,"122":0,"123":0,"124":0,"125":0,"126":0,"127":0,"128":0,"129":0,"130":0,"131":0,"132":0,"133":0,"134":0,"135":0,"136":0,"137":0,"138":0,"139":0,"140":0,"141":0,"142":0,"143":0,"144":0,"145":0,"146":0,"147":0,"148":0,"149":0,"150":0,"151":0,"152":0,"153":0,"154":0,"155":0,"156":0,"157":0,"158":0,"159":0,"160":0,"161":0,"162":0,"163":0,"164":0,"165":0,"166":0,"167":0,"168":0,"169":0,"170":0,"171":0,"172":0,"173":0,"174":0,"175":0,"176":0,"177":0,"178":0,"179":0,"180":0,"181":0,"182":0,"183":0,"184":0,"185":0,"186":0,"187":0,"188":0,"189":0,"190":0,"191":0,"192":0,"193":0,"194":0,"195":0,"196":0,"197":0},"f":{"0":0,"1":0,"2":0,"3":0,"4":0,"5":0,"6":0,"7":0,"8":0,"9":0,"10":0,"11":0,"12":0,"13":0,"14":0,"15":0,"16":0,"17":0,"18":0,"19":0,"20":0,"21":0,"22":0,"23":0,"24":0,"25":0,"26":0,"27":0,"28":0,"29":0,"30":0,"31":0,"32":0,"33":0,"34":0,"35":0,"36":0,"37":0,"38":0,"39":0,"40":0,"41":0,"42":0,"43":0,"44":0,"45":0,"46":0,"47":0,"48":0,"49":0,"50":0,"51":0,"52":0,"53":0,"54":0,"55":0,"56":0,"57":0,"58":0,"59":0,"60":0,"61":0},"b":{"0":[0,0],"1":[0,0],"2":[0,0],"3":[0,0],"4":[0,0],"5":[0,0],"6":[0,0],"7":[0,0],"8":[0,0],"9":[0,0],"10":[0,0],"11":[0,0],"12":[0,0],"13":[0,0],"14":[0,0],"15":[0,0],"16":[0,0],"17":[0,0],"18":[0,0],"19":[0,0],"20":[0,0],"21":[0,0],"22":[0,0],"23":[0,0],"24":[0,0],"25":[0,0],"26":[0,0],"27":[0,0],"28":[0,0],"29":[0,0],"30":[0,0],"31":[0,0],"32":[0,0],"33":[0,0],"34":[0,0],"35":[0,0],"36":[0,0],"37":[0,0],"38":[0,0],"39":[0,0],"40":[0,0],"41":[0,0],"42":[0,0],"43":[0,0]},"hash":"1410afc62e39ad973b7f086156c44b7080eaa3ca"}
,"/home/yossefaz/projects/ness/gis_os/gis_front/src/components/tool/InternalTool/Draw/ColorPicker/ColorPicker.js": {"path":"/home/yossefaz/projects/ness/gis_os/gis_front/src/components/tool/InternalTool/Draw/ColorPicker/ColorPicker.js","statementMap":{"0":{"start":{"line":7,"column":10},"end":{"line":15,"column":3}},"1":{"start":{"line":18,"column":4},"end":{"line":19,"column":56}},"2":{"start":{"line":19,"column":6},"end":{"line":19,"column":56}},"3":{"start":{"line":22,"column":16},"end":{"line":24,"column":3}},"4":{"start":{"line":23,"column":4},"end":{"line":23,"column":74}},"5":{"start":{"line":26,"column":16},"end":{"line":28,"column":3}},"6":{"start":{"line":27,"column":4},"end":{"line":27,"column":49}},"7":{"start":{"line":30,"column":17},"end":{"line":33,"column":3}},"8":{"start":{"line":31,"column":4},"end":{"line":31,"column":40}},"9":{"start":{"line":32,"column":4},"end":{"line":32,"column":40}},"10":{"start":{"line":36,"column":4},"end":{"line":69,"column":6}}},"fnMap":{"0":{"name":"(anonymous_0)","decl":{"start":{"line":17,"column":2},"end":{"line":17,"column":3}},"loc":{"start":{"line":17,"column":22},"end":{"line":20,"column":3}},"line":17},"1":{"name":"(anonymous_1)","decl":{"start":{"line":22,"column":16},"end":{"line":22,"column":17}},"loc":{"start":{"line":22,"column":22},"end":{"line":24,"column":3}},"line":22},"2":{"name":"(anonymous_2)","decl":{"start":{"line":26,"column":16},"end":{"line":26,"column":17}},"loc":{"start":{"line":26,"column":22},"end":{"line":28,"column":3}},"line":26},"3":{"name":"(anonymous_3)","decl":{"start":{"line":30,"column":17},"end":{"line":30,"column":18}},"loc":{"start":{"line":30,"column":28},"end":{"line":33,"column":3}},"line":30},"4":{"name":"(anonymous_4)","decl":{"start":{"line":35,"column":2},"end":{"line":35,"column":3}},"loc":{"start":{"line":35,"column":11},"end":{"line":70,"column":3}},"line":35}},"branchMap":{"0":{"loc":{"start":{"line":18,"column":4},"end":{"line":19,"column":56}},"type":"if","locations":[{"start":{"line":18,"column":4},"end":{"line":19,"column":56}},{"start":{"line":18,"column":4},"end":{"line":19,"column":56}}],"line":18},"1":{"loc":{"start":{"line":46,"column":9},"end":{"line":67,"column":16}},"type":"cond-expr","locations":[{"start":{"line":47,"column":10},"end":{"line":66,"column":16}},{"start":{"line":67,"column":12},"end":{"line":67,"column":16}}],"line":46},"2":{"loc":{"start":{"line":53,"column":13},"end":{"line":65,"column":15}},"type":"binary-expr","locations":[{"start":{"line":53,"column":13},"end":{"line":53,"column":33}},{"start":{"line":54,"column":14},"end":{"line":54,"column":38}},{"start":{"line":55,"column":14},"end":{"line":55,"column":37}},{"start":{"line":56,"column":16},"end":{"line":64,"column":22}}],"line":53}},"s":{"0":1,"1":1,"2":0,"3":1,"4":0,"5":1,"6":0,"7":1,"8":0,"9":0,"10":1},"f":{"0":1,"1":0,"2":0,"3":0,"4":1},"b":{"0":[0,1],"1":[0,1],"2":[0,0,0,0]},"_coverageSchema":"43e27e138ebf9cfc5966b082cf9a028302ed4184","hash":"73aa780b264d5a4f5ea79f33059cf81672b819b5"}
,"/home/yossefaz/projects/ness/gis_os/gis_front/src/components/tool/InternalTool/Draw/FeatureTable/FeatureItem/FeatureItem.js": {"path":"/home/yossefaz/projects/ness/gis_os/gis_front/src/components/tool/InternalTool/Draw/FeatureTable/FeatureItem/FeatureItem.js","statementMap":{"0":{"start":{"line":10,"column":36},"end":{"line":15,"column":4}},"1":{"start":{"line":16,"column":42},"end":{"line":16,"column":53}},"2":{"start":{"line":17,"column":36},"end":{"line":17,"column":48}},"3":{"start":{"line":19,"column":20},"end":{"line":22,"column":3}},"4":{"start":{"line":24,"column":40},"end":{"line":24,"column":68}},"5":{"start":{"line":25,"column":24},"end":{"line":31,"column":3}},"6":{"start":{"line":26,"column":20},"end":{"line":26,"column":32}},"7":{"start":{"line":27,"column":4},"end":{"line":27,"column":28}},"8":{"start":{"line":28,"column":4},"end":{"line":28,"column":45}},"9":{"start":{"line":29,"column":4},"end":{"line":29,"column":25}},"10":{"start":{"line":30,"column":4},"end":{"line":30,"column":39}},"11":{"start":{"line":32,"column":15},"end":{"line":34,"column":3}},"12":{"start":{"line":33,"column":4},"end":{"line":33,"column":39}},"13":{"start":{"line":35,"column":21},"end":{"line":35,"column":65}},"14":{"start":{"line":35,"column":27},"end":{"line":35,"column":65}},"15":{"start":{"line":36,"column":22},"end":{"line":44,"column":3}},"16":{"start":{"line":37,"column":4},"end":{"line":43,"column":5}},"17":{"start":{"line":38,"column":28},"end":{"line":38,"column":103}},"18":{"start":{"line":39,"column":26},"end":{"line":39,"column":93}},"19":{"start":{"line":40,"column":6},"end":{"line":42,"column":8}},"20":{"start":{"line":45,"column":2},"end":{"line":55,"column":3}},"21":{"start":{"line":46,"column":4},"end":{"line":46,"column":18}},"22":{"start":{"line":48,"column":4},"end":{"line":54,"column":5}},"23":{"start":{"line":49,"column":6},"end":{"line":51,"column":8}},"24":{"start":{"line":53,"column":6},"end":{"line":53,"column":20}},"25":{"start":{"line":57,"column":2},"end":{"line":96,"column":4}},"26":{"start":{"line":68,"column":41},"end":{"line":68,"column":66}},"27":{"start":{"line":69,"column":47},"end":{"line":69,"column":77}},"28":{"start":{"line":76,"column":45},"end":{"line":76,"column":71}}},"fnMap":{"0":{"name":"(anonymous_0)","decl":{"start":{"line":9,"column":15},"end":{"line":9,"column":16}},"loc":{"start":{"line":9,"column":26},"end":{"line":97,"column":1}},"line":9},"1":{"name":"(anonymous_1)","decl":{"start":{"line":25,"column":24},"end":{"line":25,"column":25}},"loc":{"start":{"line":25,"column":30},"end":{"line":31,"column":3}},"line":25},"2":{"name":"(anonymous_2)","decl":{"start":{"line":32,"column":15},"end":{"line":32,"column":16}},"loc":{"start":{"line":32,"column":21},"end":{"line":34,"column":3}},"line":32},"3":{"name":"(anonymous_3)","decl":{"start":{"line":35,"column":21},"end":{"line":35,"column":22}},"loc":{"start":{"line":35,"column":27},"end":{"line":35,"column":65}},"line":35},"4":{"name":"(anonymous_4)","decl":{"start":{"line":36,"column":22},"end":{"line":36,"column":23}},"loc":{"start":{"line":36,"column":28},"end":{"line":44,"column":3}},"line":36},"5":{"name":"(anonymous_5)","decl":{"start":{"line":68,"column":27},"end":{"line":68,"column":28}},"loc":{"start":{"line":68,"column":41},"end":{"line":68,"column":66}},"line":68},"6":{"name":"(anonymous_6)","decl":{"start":{"line":69,"column":27},"end":{"line":69,"column":28}},"loc":{"start":{"line":69,"column":47},"end":{"line":69,"column":77}},"line":69},"7":{"name":"(anonymous_7)","decl":{"start":{"line":76,"column":27},"end":{"line":76,"column":28}},"loc":{"start":{"line":76,"column":45},"end":{"line":76,"column":71}},"line":76}},"branchMap":{"0":{"loc":{"start":{"line":37,"column":4},"end":{"line":43,"column":5}},"type":"if","locations":[{"start":{"line":37,"column":4},"end":{"line":43,"column":5}},{"start":{"line":37,"column":4},"end":{"line":43,"column":5}}],"line":37},"1":{"loc":{"start":{"line":45,"column":2},"end":{"line":55,"column":3}},"type":"if","locations":[{"start":{"line":45,"column":2},"end":{"line":55,"column":3}},{"start":{"line":45,"column":2},"end":{"line":55,"column":3}}],"line":45},"2":{"loc":{"start":{"line":48,"column":4},"end":{"line":54,"column":5}},"type":"if","locations":[{"start":{"line":48,"column":4},"end":{"line":54,"column":5}},{"start":{"line":48,"column":4},"end":{"line":54,"column":5}}],"line":48}},"s":{"0":1,"1":1,"2":1,"3":1,"4":1,"5":1,"6":0,"7":0,"8":0,"9":0,"10":0,"11":1,"12":0,"13":1,"14":1,"15":1,"16":1,"17":0,"18":0,"19":0,"20":1,"21":1,"22":0,"23":0,"24":0,"25":1,"26":0,"27":0,"28":0},"f":{"0":1,"1":0,"2":0,"3":1,"4":1,"5":0,"6":0,"7":0},"b":{"0":[0,1],"1":[1,0],"2":[0,0]},"_coverageSchema":"43e27e138ebf9cfc5966b082cf9a028302ed4184","hash":"92f7d810d37363badf7f770f6fd4a88ee4f632a4"}
}
