TN:
SF:/home/yossefaz/projects/ness/gis_os/gis_front/src/components/tool/InternalTool/Draw/index.js
FN:81,(anonymous_0)
FN:91,(anonymous_1)
FN:95,(anonymous_2)
FN:101,(anonymous_3)
FN:111,(anonymous_4)
FN:115,(anonymous_5)
FN:119,(anonymous_6)
FN:122,(anonymous_7)
FN:129,(anonymous_8)
FN:133,(anonymous_9)
FN:137,(anonymous_10)
FN:146,(anonymous_11)
FN:159,(anonymous_12)
FN:165,(anonymous_13)
FN:191,(anonymous_14)
FN:198,(anonymous_15)
FN:212,(anonymous_16)
FN:221,(anonymous_17)
FN:231,(anonymous_18)
FN:249,(anonymous_19)
FN:253,(anonymous_20)
FN:265,(anonymous_21)
FN:275,(anonymous_22)
FN:278,(anonymous_23)
FN:292,(anonymous_24)
FN:295,(anonymous_25)
FN:301,(anonymous_26)
FN:307,(anonymous_27)
FN:313,(anonymous_28)
FN:321,(anonymous_29)
FN:322,(anonymous_30)
FN:326,(anonymous_31)
FN:327,(anonymous_32)
FN:335,(anonymous_33)
FN:340,(anonymous_34)
FN:343,(anonymous_35)
FN:353,(anonymous_36)
FN:383,(anonymous_37)
FN:406,(anonymous_38)
FN:414,(anonymous_39)
FN:416,(anonymous_40)
FN:426,(anonymous_41)
FN:428,(anonymous_42)
FN:437,(anonymous_43)
FN:447,(anonymous_44)
FN:457,(anonymous_45)
FN:463,(anonymous_46)
FN:469,(anonymous_47)
FN:471,(anonymous_48)
FN:475,(anonymous_49)
FN:483,(anonymous_50)
FN:487,(anonymous_51)
FN:494,(anonymous_52)
FN:500,(anonymous_53)
FN:517,(anonymous_54)
FN:523,(anonymous_55)
FN:530,(anonymous_56)
FN:537,(anonymous_57)
FN:579,(anonymous_58)
FN:588,(anonymous_59)
FN:624,(anonymous_60)
FN:634,(anonymous_61)
FNF:62
FNH:0
FNDA:0,(anonymous_0)
FNDA:0,(anonymous_1)
FNDA:0,(anonymous_2)
FNDA:0,(anonymous_3)
FNDA:0,(anonymous_4)
FNDA:0,(anonymous_5)
FNDA:0,(anonymous_6)
FNDA:0,(anonymous_7)
FNDA:0,(anonymous_8)
FNDA:0,(anonymous_9)
FNDA:0,(anonymous_10)
FNDA:0,(anonymous_11)
FNDA:0,(anonymous_12)
FNDA:0,(anonymous_13)
FNDA:0,(anonymous_14)
FNDA:0,(anonymous_15)
FNDA:0,(anonymous_16)
FNDA:0,(anonymous_17)
FNDA:0,(anonymous_18)
FNDA:0,(anonymous_19)
FNDA:0,(anonymous_20)
FNDA:0,(anonymous_21)
FNDA:0,(anonymous_22)
FNDA:0,(anonymous_23)
FNDA:0,(anonymous_24)
FNDA:0,(anonymous_25)
FNDA:0,(anonymous_26)
FNDA:0,(anonymous_27)
FNDA:0,(anonymous_28)
FNDA:0,(anonymous_29)
FNDA:0,(anonymous_30)
FNDA:0,(anonymous_31)
FNDA:0,(anonymous_32)
FNDA:0,(anonymous_33)
FNDA:0,(anonymous_34)
FNDA:0,(anonymous_35)
FNDA:0,(anonymous_36)
FNDA:0,(anonymous_37)
FNDA:0,(anonymous_38)
FNDA:0,(anonymous_39)
FNDA:0,(anonymous_40)
FNDA:0,(anonymous_41)
FNDA:0,(anonymous_42)
FNDA:0,(anonymous_43)
FNDA:0,(anonymous_44)
FNDA:0,(anonymous_45)
FNDA:0,(anonymous_46)
FNDA:0,(anonymous_47)
FNDA:0,(anonymous_48)
FNDA:0,(anonymous_49)
FNDA:0,(anonymous_50)
FNDA:0,(anonymous_51)
FNDA:0,(anonymous_52)
FNDA:0,(anonymous_53)
FNDA:0,(anonymous_54)
FNDA:0,(anonymous_55)
FNDA:0,(anonymous_56)
FNDA:0,(anonymous_57)
FNDA:0,(anonymous_58)
FNDA:0,(anonymous_59)
FNDA:0,(anonymous_60)
FNDA:0,(anonymous_61)
DA:45,0
DA:46,0
DA:51,0
DA:56,0
DA:82,0
DA:86,0
DA:88,0
DA:92,0
DA:96,0
DA:102,0
DA:106,0
DA:108,0
DA:112,0
DA:116,0
DA:120,0
DA:122,0
DA:123,0
DA:124,0
DA:126,0
DA:130,0
DA:134,0
DA:137,0
DA:138,0
DA:139,0
DA:141,0
DA:146,0
DA:147,0
DA:148,0
DA:149,0
DA:150,0
DA:159,0
DA:160,0
DA:161,0
DA:162,0
DA:165,0
DA:166,0
DA:167,0
DA:168,0
DA:171,0
DA:180,0
DA:187,0
DA:188,0
DA:191,0
DA:192,0
DA:193,0
DA:194,0
DA:195,0
DA:199,0
DA:202,0
DA:205,0
DA:206,0
DA:207,0
DA:212,0
DA:213,0
DA:214,0
DA:219,0
DA:221,0
DA:222,0
DA:223,0
DA:231,0
DA:232,0
DA:233,0
DA:234,0
DA:249,0
DA:250,0
DA:253,0
DA:254,0
DA:255,0
DA:256,0
DA:257,0
DA:258,0
DA:265,0
DA:266,0
DA:267,0
DA:272,0
DA:275,0
DA:276,0
DA:277,0
DA:278,0
DA:280,0
DA:281,0
DA:282,0
DA:283,0
DA:284,0
DA:292,0
DA:293,0
DA:294,0
DA:295,0
DA:296,0
DA:301,0
DA:302,0
DA:303,0
DA:308,0
DA:309,0
DA:310,0
DA:311,0
DA:314,0
DA:315,0
DA:318,0
DA:319,0
DA:322,0
DA:323,0
DA:327,0
DA:328,0
DA:330,0
DA:331,0
DA:332,0
DA:333,0
DA:335,0
DA:336,0
DA:337,0
DA:340,0
DA:341,0
DA:342,0
DA:343,0
DA:344,0
DA:345,0
DA:347,0
DA:348,0
DA:353,0
DA:354,0
DA:355,0
DA:367,0
DA:368,0
DA:369,0
DA:370,0
DA:371,0
DA:372,0
DA:374,0
DA:383,0
DA:384,0
DA:385,0
DA:386,0
DA:387,0
DA:393,0
DA:394,0
DA:402,0
DA:407,0
DA:408,0
DA:409,0
DA:410,0
DA:411,0
DA:414,0
DA:415,0
DA:416,0
DA:417,0
DA:418,0
DA:419,0
DA:420,0
DA:426,0
DA:427,0
DA:428,0
DA:429,0
DA:430,0
DA:431,0
DA:437,0
DA:438,0
DA:447,0
DA:448,0
DA:457,0
DA:458,0
DA:459,0
DA:460,0
DA:461,0
DA:462,0
DA:463,0
DA:464,0
DA:465,0
DA:469,0
DA:471,0
DA:472,0
DA:475,0
DA:476,0
DA:477,0
DA:483,0
DA:484,0
DA:485,0
DA:486,0
DA:487,0
DA:489,0
DA:491,0
DA:494,0
DA:495,0
DA:501,0
DA:502,0
DA:503,0
DA:504,0
DA:517,0
DA:523,0
DA:530,0
DA:538,0
DA:579,0
DA:588,0
DA:625,0
DA:634,0
DA:635,0
DA:643,0
LF:197
LH:0
BRDA:82,0,0,0
BRDA:82,0,1,0
BRDA:83,1,0,0
BRDA:83,1,1,0
BRDA:96,2,0,0
BRDA:96,2,1,0
BRDA:102,3,0,0
BRDA:102,3,1,0
BRDA:103,4,0,0
BRDA:103,4,1,0
BRDA:123,5,0,0
BRDA:123,5,1,0
BRDA:123,6,0,0
BRDA:123,6,1,0
BRDA:130,7,0,0
BRDA:130,7,1,0
BRDA:134,8,0,0
BRDA:134,8,1,0
BRDA:138,9,0,0
BRDA:138,9,1,0
BRDA:168,10,0,0
BRDA:168,10,1,0
BRDA:176,11,0,0
BRDA:176,11,1,0
BRDA:192,12,0,0
BRDA:192,12,1,0
BRDA:199,13,0,0
BRDA:199,13,1,0
BRDA:205,14,0,0
BRDA:205,14,1,0
BRDA:222,15,0,0
BRDA:222,15,1,0
BRDA:232,16,0,0
BRDA:232,16,1,0
BRDA:232,17,0,0
BRDA:232,17,1,0
BRDA:257,18,0,0
BRDA:257,18,1,0
BRDA:266,19,0,0
BRDA:266,19,1,0
BRDA:277,20,0,0
BRDA:277,20,1,0
BRDA:280,21,0,0
BRDA:280,21,1,0
BRDA:294,22,0,0
BRDA:294,22,1,0
BRDA:302,23,0,0
BRDA:302,23,1,0
BRDA:314,24,0,0
BRDA:314,24,1,0
BRDA:341,25,0,0
BRDA:341,25,1,0
BRDA:347,26,0,0
BRDA:347,26,1,0
BRDA:367,27,0,0
BRDA:367,27,1,0
BRDA:384,28,0,0
BRDA:384,28,1,0
BRDA:415,29,0,0
BRDA:415,29,1,0
BRDA:418,30,0,0
BRDA:418,30,1,0
BRDA:427,31,0,0
BRDA:427,31,1,0
BRDA:429,32,0,0
BRDA:429,32,1,0
BRDA:476,33,0,0
BRDA:476,33,1,0
BRDA:476,34,0,0
BRDA:476,34,1,0
BRDA:484,35,0,0
BRDA:484,35,1,0
BRDA:491,36,0,0
BRDA:491,36,1,0
BRDA:550,37,0,0
BRDA:550,37,1,0
BRDA:561,38,0,0
BRDA:561,38,1,0
BRDA:571,39,0,0
BRDA:571,39,1,0
BRDA:577,40,0,0
BRDA:577,40,1,0
BRDA:586,41,0,0
BRDA:586,41,1,0
BRDA:590,42,0,0
BRDA:590,42,1,0
BRDA:606,43,0,0
BRDA:606,43,1,0
BRF:88
BRH:0
end_of_record
TN:
SF:/home/yossefaz/projects/ness/gis_os/gis_front/src/components/tool/InternalTool/Draw/ColorPicker/ColorPicker.js
FN:17,(anonymous_0)
FN:22,(anonymous_1)
FN:26,(anonymous_2)
FN:30,(anonymous_3)
FN:35,(anonymous_4)
FNF:5
FNH:2
FNDA:1,(anonymous_0)
FNDA:0,(anonymous_1)
FNDA:0,(anonymous_2)
FNDA:0,(anonymous_3)
FNDA:1,(anonymous_4)
DA:7,1
DA:18,1
DA:19,0
DA:22,1
DA:23,0
DA:26,1
DA:27,0
DA:30,1
DA:31,0
DA:32,0
DA:36,1
LF:11
LH:6
BRDA:18,0,0,0
BRDA:18,0,1,1
BRDA:46,1,0,0
BRDA:46,1,1,1
BRDA:53,2,0,0
BRDA:53,2,1,0
BRDA:53,2,2,0
BRDA:53,2,3,0
BRF:8
BRH:2
end_of_record
TN:
SF:/home/yossefaz/projects/ness/gis_os/gis_front/src/components/tool/InternalTool/Draw/FeatureTable/FeatureItem/FeatureItem.js
FN:9,(anonymous_0)
FN:25,(anonymous_1)
FN:32,(anonymous_2)
FN:35,(anonymous_3)
FN:36,(anonymous_4)
FN:68,(anonymous_5)
FN:69,(anonymous_6)
FN:76,(anonymous_7)
FNF:8
FNH:3
FNDA:1,(anonymous_0)
FNDA:0,(anonymous_1)
FNDA:0,(anonymous_2)
FNDA:1,(anonymous_3)
FNDA:1,(anonymous_4)
FNDA:0,(anonymous_5)
FNDA:0,(anonymous_6)
FNDA:0,(anonymous_7)
DA:10,1
DA:16,1
DA:17,1
DA:19,1
DA:24,1
DA:25,1
DA:26,0
DA:27,0
DA:28,0
DA:29,0
DA:30,0
DA:32,1
DA:33,0
DA:35,1
DA:36,1
DA:37,1
DA:38,0
DA:39,0
DA:40,0
DA:45,1
DA:46,1
DA:48,0
DA:49,0
DA:53,0
DA:57,1
DA:68,0
DA:69,0
DA:76,0
LF:28
LH:13
BRDA:37,0,0,0
BRDA:37,0,1,1
BRDA:45,1,0,1
BRDA:45,1,1,0
BRDA:48,2,0,0
BRDA:48,2,1,0
BRF:6
BRH:2
end_of_record
